<?xml version="1.0" encoding="UTF-8"?>
<testng-results skipped="0" failed="0" ignored="0" total="1" passed="1">
  <reporter-output>
  </reporter-output>
  <suite name="Default suite" duration-ms="11378" started-at="2019-07-21T19:50:28Z" finished-at="2019-07-21T19:50:39Z">
    <groups>
    </groups>
    <test name="Default test" duration-ms="11378" started-at="2019-07-21T19:50:28Z" finished-at="2019-07-21T19:50:39Z">
      <class name="UseJavascript">
        <test-method status="PASS" signature="testClickJS()[pri:0, instance:UseJavascript@e320068]" name="testClickJS" duration-ms="11343" started-at="2019-07-21T19:50:28Z" finished-at="2019-07-21T19:50:39Z">
          <reporter-output>
          </reporter-output>
        </test-method> <!-- testClickJS -->
      </class> <!-- UseJavascript -->
    </test> <!-- Default test -->
  </suite> <!-- Default suite -->
</testng-results>
